d:\github\carrom-board\carrom-board\debug\vc142.pdb
d:\github\carrom-board\carrom-board\debug\vc142.idb
d:\github\carrom-board\carrom-board\debug\striker.obj
d:\github\carrom-board\carrom-board\debug\circle.obj
d:\github\carrom-board\carrom-board\debug\board.obj
d:\github\carrom-board\carrom-board\debug\carrom.obj
d:\github\carrom-board\carrom-board\debug\main.obj
d:\github\carrom-board\carrom-board\debug\point.obj
d:\github\carrom-board\carrom-board\debug\piece.obj
d:\github\carrom-board\carrom-board\debug\mouse.obj
d:\github\carrom-board\carrom-board\debug\dengine.obj
d:\github\carrom-board\debug\carrom-board.exe
d:\github\carrom-board\carrom-board\debug\carrom-board.ilk
d:\github\carrom-board\debug\carrom-board.pdb
d:\github\carrom-board\carrom-board\debug\carrom-board.tlog\cl.command.1.tlog
d:\github\carrom-board\carrom-board\debug\carrom-board.tlog\cl.read.1.tlog
d:\github\carrom-board\carrom-board\debug\carrom-board.tlog\cl.write.1.tlog
d:\github\carrom-board\carrom-board\debug\carrom-board.tlog\link.command.1.tlog
d:\github\carrom-board\carrom-board\debug\carrom-board.tlog\link.read.1.tlog
d:\github\carrom-board\carrom-board\debug\carrom-board.tlog\link.write.1.tlog
